#
# A fatal error has been detected by the Java Runtime Environment:
#
#  EXCEPTION_ACCESS_VIOLATION (0xc0000005) at pc=0x0000000062ebc849, pid=14208, tid=0x0000000000001f54
#
# JRE version: Java(TM) SE Runtime Environment (8.0_171-b11) (build 1.8.0_171-b11)
# Java VM: Java HotSpot(TM) 64-Bit Server VM (25.171-b11 mixed mode windows-amd64 compressed oops)
# Problematic frame:
# C  [glass.dll+0x1c849]
#
# Failed to write core dump. Minidumps are not enabled by default on client versions of Windows
#
# If you would like to submit a bug report, please visit:
#   http://bugreport.java.com/bugreport/crash.jsp
# The crash happened outside the Java Virtual Machine in native code.
# See problematic frame for where to report the bug.
#

---------------  T H R E A D  ---------------

Current thread (0x0000000019af8800):  JavaThread "JavaFX Application Thread" [_thread_in_native, id=8020, stack(0x000000001b5e0000,0x000000001b6e0000)]

siginfo: ExceptionCode=0xc0000005, reading address 0x0000000024b70cc8

Registers:
RAX=0x0000000000000000, RBX=0x0000000024b70bc0, RCX=0xe290ce01ef420000, RDX=0x0000000019b8e898
RSP=0x000000001b6db710, RBP=0x000000001b6db769, RSI=0x0000000000000100, RDI=0x0000000024b70bc0
R8 =0x0000000000000011, R9 =0x0000000019af1960, R10=0x0000000017468bb8, R11=0x000000001b6db520
R12=0x0000000000000000, R13=0x0000000000000100, R14=0x000000000000000d, R15=0x00000000011c0001
RIP=0x0000000062ebc849, EFLAGS=0x0000000000010206

Top of Stack: (sp=0x000000001b6db710)
0x000000001b6db710:   000000001b6db6a8 0000000024b70bc0
0x000000001b6db720:   000000000000000d 00007ffd441eb444
0x000000001b6db730:   00000000011c0001 00007ffd441d78a9
0x000000001b6db740:   0000000000000000 000000001b6db750
0x000000001b6db750:   0000000000180016 0000000000000000
0x000000001b6db760:   0000000000000000 00007ffd4568265b
0x000000001b6db770:   0000000000000040 0000e290d56c5852
0x000000001b6db780:   0000000062ec85c0 0000000000000100
0x000000001b6db790:   0000000000000000 0000000024b70bc0
0x000000001b6db7a0:   0000000000000000 00000000011c0001
0x000000001b6db7b0:   00000000005e06e2 0000000000000100
0x000000001b6db7c0:   000000000000000d 0000000062ea1848
0x000000001b6db7d0:   000000000000000d 0000000000000100
0x000000001b6db7e0:   0000000000000001 000000000000000d
0x000000001b6db7f0:   0000000000000000 00007ffd449a6cc1
0x000000001b6db800:   0000000000000001 000000001b6dbae8 

Instructions: (pc=0x0000000062ebc849)
0x0000000062ebc829:   00 00 0f 84 75 03 00 00 48 8b 57 08 48 8d 4f 28
0x0000000062ebc839:   4d 8b ce 4c 89 7c 24 20 44 8b c6 e8 d7 38 00 00
0x0000000062ebc849:   48 83 bf 08 01 00 00 00 0f 85 48 fd ff ff 49 83
0x0000000062ebc859:   fe 12 0f 84 45 03 00 00 49 83 fe 79 0f 85 34 fd 


Register to memory mapping:

RAX=0x0000000000000000 is an unknown value
RBX=0x0000000024b70bc0 is an unknown value
RCX=0xe290ce01ef420000 is an unknown value
RDX=0x0000000019b8e898 is an unknown value
RSP=0x000000001b6db710 is pointing into the stack for thread: 0x0000000019af8800
RBP=0x000000001b6db769 is pointing into the stack for thread: 0x0000000019af8800
RSI=0x0000000000000100 is an unknown value
RDI=0x0000000024b70bc0 is an unknown value
R8 =0x0000000000000011 is an unknown value
R9 =0x0000000019af1960 is an unknown value
R10={method} {0x0000000017468bc0} 'notifyKey' '(II[CI)V' in 'com/sun/glass/ui/View'
R11=0x000000001b6db520 is pointing into the stack for thread: 0x0000000019af8800
R12=0x0000000000000000 is an unknown value
R13=0x0000000000000100 is an unknown value
R14=0x000000000000000d is an unknown value
R15=0x00000000011c0001 is an unknown value


Stack: [0x000000001b5e0000,0x000000001b6e0000],  sp=0x000000001b6db710,  free space=1005k
Native frames: (J=compiled Java code, j=interpreted, Vv=VM code, C=native code)
C  [glass.dll+0x1c849]
C  [glass.dll+0x1848]
C  [USER32.dll+0x16cc1]
C  [USER32.dll+0x16693]
C  [glass.dll+0xa001]
C  0x0000000002d98c67

Java frames: (J=compiled Java code, j=interpreted, Vv=VM code)
j  com.sun.glass.ui.win.WinApplication._enterNestedEventLoopImpl()Ljava/lang/Object;+0
j  com.sun.glass.ui.win.WinApplication._enterNestedEventLoop()Ljava/lang/Object;+15
j  com.sun.glass.ui.Application.enterNestedEventLoop()Ljava/lang/Object;+14
j  com.sun.glass.ui.EventLoop.enter()Ljava/lang/Object;+42
j  com.sun.javafx.tk.quantum.QuantumToolkit.enterNestedEventLoop(Ljava/lang/Object;)Ljava/lang/Object;+107
j  javafx.stage.Stage.showAndWait()V+93
j  javafx.scene.control.HeavyweightDialog.showAndWait()V+22
j  javafx.scene.control.Dialog.showAndWait()Ljava/util/Optional;+88
j  appV2.HomeSceneController.depositToContract()V+29
v  ~StubRoutines::call_stub
J 2199  sun.reflect.NativeMethodAccessorImpl.invoke0(Ljava/lang/reflect/Method;Ljava/lang/Object;[Ljava/lang/Object;)Ljava/lang/Object; (0 bytes) @ 0x0000000003434fbf [0x0000000003434f40+0x7f]
J 2198 C1 sun.reflect.NativeMethodAccessorImpl.invoke(Ljava/lang/Object;[Ljava/lang/Object;)Ljava/lang/Object; (104 bytes) @ 0x000000000343b324 [0x000000000343a180+0x11a4]
J 1052 C1 sun.reflect.DelegatingMethodAccessorImpl.invoke(Ljava/lang/Object;[Ljava/lang/Object;)Ljava/lang/Object; (10 bytes) @ 0x0000000003147a84 [0x0000000003147980+0x104]
J 1051 C1 java.lang.reflect.Method.invoke(Ljava/lang/Object;[Ljava/lang/Object;)Ljava/lang/Object; (62 bytes) @ 0x0000000003143e6c [0x0000000003143a80+0x3ec]
J 2551 C1 sun.reflect.GeneratedMethodAccessor1.invoke(Ljava/lang/Object;[Ljava/lang/Object;)Ljava/lang/Object; (65 bytes) @ 0x0000000003565bbc [0x0000000003565800+0x3bc]
J 1052 C1 sun.reflect.DelegatingMethodAccessorImpl.invoke(Ljava/lang/Object;[Ljava/lang/Object;)Ljava/lang/Object; (10 bytes) @ 0x0000000003147a84 [0x0000000003147980+0x104]
J 1051 C1 java.lang.reflect.Method.invoke(Ljava/lang/Object;[Ljava/lang/Object;)Ljava/lang/Object; (62 bytes) @ 0x0000000003143e6c [0x0000000003143a80+0x3ec]
J 2547 C1 sun.reflect.misc.MethodUtil.invoke(Ljava/lang/reflect/Method;Ljava/lang/Object;[Ljava/lang/Object;)Ljava/lang/Object; (111 bytes) @ 0x000000000355693c [0x0000000003556480+0x4bc]
j  javafx.fxml.FXMLLoader$MethodHandler.invoke([Ljava/lang/Object;)V+38
j  javafx.fxml.FXMLLoader$ControllerMethodEventHandler.handle(Ljavafx/event/Event;)V+12
j  com.sun.javafx.event.CompositeEventHandler.dispatchBubblingEvent(Ljavafx/event/Event;)V+51
J 1500 C1 com.sun.javafx.event.EventHandlerManager.dispatchBubblingEvent(Ljavafx/event/Event;)Ljavafx/event/Event; (23 bytes) @ 0x0000000003250b1c [0x00000000032504a0+0x67c]
J 1499 C1 com.sun.javafx.event.CompositeEventDispatcher.dispatchBubblingEvent(Ljavafx/event/Event;)Ljavafx/event/Event; (35 bytes) @ 0x00000000032593dc [0x0000000003259220+0x1bc]
J 1448 C1 com.sun.javafx.event.BasicEventDispatcher.dispatchEvent(Ljavafx/event/Event;Ljavafx/event/EventDispatchChain;)Ljavafx/event/Event; (44 bytes) @ 0x00000000032471bc [0x0000000003246e80+0x33c]
J 1349 C1 com.sun.javafx.event.EventDispatchChainImpl.dispatchEvent(Ljavafx/event/Event;)Ljavafx/event/Event; (101 bytes) @ 0x00000000031fc4b4 [0x00000000031fc300+0x1b4]
J 1448 C1 com.sun.javafx.event.BasicEventDispatcher.dispatchEvent(Ljavafx/event/Event;Ljavafx/event/EventDispatchChain;)Ljavafx/event/Event; (44 bytes) @ 0x00000000032470d4 [0x0000000003246e80+0x254]
J 1349 C1 com.sun.javafx.event.EventDispatchChainImpl.dispatchEvent(Ljavafx/event/Event;)Ljavafx/event/Event; (101 bytes) @ 0x00000000031fc4b4 [0x00000000031fc300+0x1b4]
J 1448 C1 com.sun.javafx.event.BasicEventDispatcher.dispatchEvent(Ljavafx/event/Event;Ljavafx/event/EventDispatchChain;)Ljavafx/event/Event; (44 bytes) @ 0x00000000032470d4 [0x0000000003246e80+0x254]
J 1349 C1 com.sun.javafx.event.EventDispatchChainImpl.dispatchEvent(Ljavafx/event/Event;)Ljavafx/event/Event; (101 bytes) @ 0x00000000031fc4b4 [0x00000000031fc300+0x1b4]
J 1627 C1 com.sun.javafx.event.EventUtil.fireEvent(Ljavafx/event/EventTarget;Ljavafx/event/Event;)Ljavafx/event/Event; (81 bytes) @ 0x000000000328ef14 [0x000000000328e320+0xbf4]
J 1626 C1 javafx.event.Event.fireEvent(Ljavafx/event/EventTarget;Ljavafx/event/Event;)V (35 bytes) @ 0x000000000328faac [0x000000000328f9e0+0xcc]
j  javafx.scene.Node.fireEvent(Ljavafx/event/Event;)V+86
j  javafx.scene.control.Button.fire()V+15
j  com.sun.javafx.scene.control.behavior.ButtonBehavior.mouseReleased(Ljavafx/scene/input/MouseEvent;)V+23
j  com.sun.javafx.scene.control.skin.BehaviorSkinBase$1.handle(Ljavafx/scene/input/MouseEvent;)V+83
j  com.sun.javafx.scene.control.skin.BehaviorSkinBase$1.handle(Ljavafx/event/Event;)V+5
j  com.sun.javafx.event.CompositeEventHandler$NormalEventHandlerRecord.handleBubblingEvent(Ljavafx/event/Event;)V+5
j  com.sun.javafx.event.CompositeEventHandler.dispatchBubblingEvent(Ljavafx/event/Event;)V+28
J 1500 C1 com.sun.javafx.event.EventHandlerManager.dispatchBubblingEvent(Ljavafx/event/Event;)Ljavafx/event/Event; (23 bytes) @ 0x0000000003250b1c [0x00000000032504a0+0x67c]
J 1499 C1 com.sun.javafx.event.CompositeEventDispatcher.dispatchBubblingEvent(Ljavafx/event/Event;)Ljavafx/event/Event; (35 bytes) @ 0x00000000032593dc [0x0000000003259220+0x1bc]
J 1448 C1 com.sun.javafx.event.BasicEventDispatcher.dispatchEvent(Ljavafx/event/Event;Ljavafx/event/EventDispatchChain;)Ljavafx/event/Event; (44 bytes) @ 0x00000000032471bc [0x0000000003246e80+0x33c]
J 1349 C1 com.sun.javafx.event.EventDispatchChainImpl.dispatchEvent(Ljavafx/event/Event;)Ljavafx/event/Event; (101 bytes) @ 0x00000000031fc4b4 [0x00000000031fc300+0x1b4]
J 1448 C1 com.sun.javafx.event.BasicEventDispatcher.dispatchEvent(Ljavafx/event/Event;Ljavafx/event/EventDispatchChain;)Ljavafx/event/Event; (44 bytes) @ 0x00000000032470d4 [0x0000000003246e80+0x254]
J 1349 C1 com.sun.javafx.event.EventDispatchChainImpl.dispatchEvent(Ljavafx/event/Event;)Ljavafx/event/Event; (101 bytes) @ 0x00000000031fc4b4 [0x00000000031fc300+0x1b4]
J 1448 C1 com.sun.javafx.event.BasicEventDispatcher.dispatchEvent(Ljavafx/event/Event;Ljavafx/event/EventDispatchChain;)Ljavafx/event/Event; (44 bytes) @ 0x00000000032470d4 [0x0000000003246e80+0x254]
J 1349 C1 com.sun.javafx.event.EventDispatchChainImpl.dispatchEvent(Ljavafx/event/Event;)Ljavafx/event/Event; (101 bytes) @ 0x00000000031fc4b4 [0x00000000031fc300+0x1b4]
J 1627 C1 com.sun.javafx.event.EventUtil.fireEvent(Ljavafx/event/EventTarget;Ljavafx/event/Event;)Ljavafx/event/Event; (81 bytes) @ 0x000000000328ea5c [0x000000000328e320+0x73c]
J 1653 C1 javafx.scene.Scene$MouseHandler.process(Ljavafx/scene/input/MouseEvent;Z)V (735 bytes) @ 0x00000000032a6614 [0x00000000032a3b60+0x2ab4]
J 1652 C1 javafx.scene.Scene$MouseHandler.access$1500(Ljavafx/scene/Scene$MouseHandler;Ljavafx/scene/input/MouseEvent;Z)V (7 bytes) @ 0x00000000032a339c [0x00000000032a3340+0x5c]
j  javafx.scene.Scene.impl_processMouseEvent(Ljavafx/scene/input/MouseEvent;)V+6
j  javafx.scene.Scene$ScenePeerListener.mouseEvent(Ljavafx/event/EventType;DDDDLjavafx/scene/input/MouseButton;ZZZZZZZZZ)V+46
j  com.sun.javafx.tk.quantum.GlassViewEventHandler$MouseEventNotification.run()Ljava/lang/Void;+571
j  com.sun.javafx.tk.quantum.GlassViewEventHandler$MouseEventNotification.run()Ljava/lang/Object;+1
v  ~StubRoutines::call_stub
J 1534  java.security.AccessController.doPrivileged(Ljava/security/PrivilegedAction;Ljava/security/AccessControlContext;)Ljava/lang/Object; (0 bytes) @ 0x00000000032628a6 [0x0000000003262840+0x66]
j  com.sun.javafx.tk.quantum.GlassViewEventHandler.lambda$handleMouseEvent$353()Ljava/lang/Void;+11
j  com.sun.javafx.tk.quantum.GlassViewEventHandler$$Lambda$155.get()Ljava/lang/Object;+4
J 2664 C1 com.sun.javafx.tk.quantum.QuantumToolkit.runWithoutRenderLock(Ljava/util/function/Supplier;)Ljava/lang/Object; (49 bytes) @ 0x00000000035d445c [0x00000000035d3f20+0x53c]
j  com.sun.javafx.tk.quantum.GlassViewEventHandler.handleMouseEvent(Lcom/sun/glass/ui/View;JIIIIIIIZZ)V+103
J 2686 C1 com.sun.glass.ui.View.notifyMouse(IIIIIIIZZ)V (221 bytes) @ 0x00000000035f0e34 [0x00000000035efde0+0x1054]
v  ~StubRoutines::call_stub
j  com.sun.glass.ui.win.WinApplication._runLoop(Ljava/lang/Runnable;)V+0
j  com.sun.glass.ui.win.WinApplication.lambda$null$147(ILjava/lang/Runnable;)V+8
j  com.sun.glass.ui.win.WinApplication$$Lambda$37.run()V+12
j  java.lang.Thread.run()V+11
v  ~StubRoutines::call_stub

---------------  P R O C E S S  ---------------

Java Threads: ( => current thread )
  0x0000000019e15800 JavaThread "Prism Font Disposer" daemon [_thread_blocked, id=14884, stack(0x0000000022d70000,0x0000000022e70000)]
  0x0000000019b70800 JavaThread "Thread-3" daemon [_thread_in_native, id=15952, stack(0x00000000218e0000,0x00000000219e0000)]
  0x0000000019b8c800 JavaThread "JavaFX-Launcher" [_thread_blocked, id=14412, stack(0x00000000219e0000,0x0000000021ae0000)]
=>0x0000000019af8800 JavaThread "JavaFX Application Thread" [_thread_in_native, id=8020, stack(0x000000001b5e0000,0x000000001b6e0000)]
  0x0000000019ae6800 JavaThread "Thread-1" daemon [_thread_blocked, id=11620, stack(0x000000001b4e0000,0x000000001b5e0000)]
  0x0000000019ad7000 JavaThread "QuantumRenderer-0" daemon [_thread_blocked, id=1688, stack(0x000000001a2c0000,0x000000001a3c0000)]
  0x00000000192a0800 JavaThread "Service Thread" daemon [_thread_blocked, id=10724, stack(0x0000000019670000,0x0000000019770000)]
  0x000000001793e000 JavaThread "C1 CompilerThread2" daemon [_thread_blocked, id=15932, stack(0x0000000019170000,0x0000000019270000)]
  0x0000000017939000 JavaThread "C2 CompilerThread1" daemon [_thread_blocked, id=4392, stack(0x0000000019070000,0x0000000019170000)]
  0x0000000017932000 JavaThread "C2 CompilerThread0" daemon [_thread_blocked, id=5188, stack(0x0000000018f70000,0x0000000019070000)]
  0x0000000017931000 JavaThread "Attach Listener" daemon [_thread_blocked, id=12296, stack(0x0000000018e70000,0x0000000018f70000)]
  0x0000000017930000 JavaThread "Signal Dispatcher" daemon [_thread_blocked, id=6288, stack(0x0000000018d70000,0x0000000018e70000)]
  0x000000001791a000 JavaThread "Finalizer" daemon [_thread_blocked, id=15364, stack(0x0000000018b80000,0x0000000018c80000)]
  0x0000000002d74000 JavaThread "Reference Handler" daemon [_thread_blocked, id=8960, stack(0x0000000018a80000,0x0000000018b80000)]
  0x0000000002c83800 JavaThread "main" [_thread_blocked, id=7448, stack(0x0000000002b30000,0x0000000002c30000)]

Other Threads:
  0x00000000178f7800 VMThread [stack: 0x0000000018980000,0x0000000018a80000] [id=13908]
  0x000000001798c000 WatcherThread [stack: 0x0000000019770000,0x0000000019870000] [id=12476]

VM state:not at safepoint (normal execution)

VM Mutex/Monitor currently owned by a thread: None

Heap:
 PSYoungGen      total 223232K, used 118916K [0x00000000d5980000, 0x00000000eda80000, 0x0000000100000000)
  eden space 99328K, 8% used [0x00000000d5980000,0x00000000d6146b08,0x00000000dba80000)
  from space 123904K, 89% used [0x00000000e4600000,0x00000000eb25a788,0x00000000ebf00000)
  to   space 142848K, 0% used [0x00000000dba80000,0x00000000dba80000,0x00000000e4600000)
 ParOldGen       total 351232K, used 173114K [0x0000000080c00000, 0x0000000096300000, 0x00000000d5980000)
  object space 351232K, 49% used [0x0000000080c00000,0x000000008b50e898,0x0000000096300000)
 Metaspace       used 26471K, capacity 27404K, committed 27776K, reserved 1073152K
  class space    used 3688K, capacity 3905K, committed 3968K, reserved 1048576K

Card table byte_map: [0x0000000012140000,0x0000000012540000] byte_map_base: 0x0000000011d3a000

Marking Bits: (ParMarkBitMap*) 0x00000000639f08c0
 Begin Bits: [0x0000000012bf0000, 0x0000000014bc0000)
 End Bits:   [0x0000000014bc0000, 0x0000000016b90000)

Polling page: 0x0000000000f20000

CodeCache: size=245760Kb used=9546Kb max_used=9546Kb free=236213Kb
 bounds [0x0000000002d80000, 0x00000000036e0000, 0x0000000011d80000]
 total_blobs=3711 nmethods=2965 adapters=658
 compilation: enabled

Compilation events (10 events):
Event: 8.958 Thread 0x000000001793e000 2961       3       javafx.animation.Animation$1::timePulse (56 bytes)
Event: 8.959 Thread 0x000000001793e000 nmethod 2961 0x00000000036d4f10 code [0x00000000036d5100, 0x00000000036d5b98]
Event: 8.959 Thread 0x000000001793e000 2962       3       javafx.animation.Animation::access$000 (5 bytes)
Event: 8.959 Thread 0x000000001793e000 nmethod 2962 0x00000000036d0b50 code [0x00000000036d0ca0, 0x00000000036d0dd0]
Event: 9.052 Thread 0x000000001793e000 2963       3       javafx.scene.Node::updateCanReceiveFocus (31 bytes)
Event: 9.053 Thread 0x000000001793e000 nmethod 2963 0x00000000036d6010 code [0x00000000036d6220, 0x00000000036d6ff8]
Event: 9.053 Thread 0x000000001793e000 2964       3       javafx.scene.Node::setCanReceiveFocus (6 bytes)
Event: 9.053 Thread 0x000000001793e000 nmethod 2964 0x00000000036d0810 code [0x00000000036d0960, 0x00000000036d0ab0]
Event: 9.053 Thread 0x000000001793e000 2965       3       javafx.beans.property.ReadOnlyObjectWrapper$ReadOnlyPropertyImpl::get (8 bytes)
Event: 9.053 Thread 0x000000001793e000 nmethod 2965 0x00000000036d0210 code [0x00000000036d0380, 0x00000000036d06e8]

GC Heap History (10 events):
Event: 3.744 GC heap before
{Heap before GC invocations=7 (full 2):
 PSYoungGen      total 58880K, used 53760K [0x00000000d5980000, 0x00000000da080000, 0x0000000100000000)
  eden space 53760K, 100% used [0x00000000d5980000,0x00000000d8e00000,0x00000000d8e00000)
  from space 5120K, 0% used [0x00000000d9300000,0x00000000d9300000,0x00000000d9800000)
  to   space 5120K, 0% used [0x00000000d8e00000,0x00000000d8e00000,0x00000000d9300000)
 ParOldGen       total 173568K, used 52451K [0x0000000080c00000, 0x000000008b580000, 0x00000000d5980000)
  object space 173568K, 30% used [0x0000000080c00000,0x0000000083f38fb8,0x000000008b580000)
 Metaspace       used 22494K, capacity 23332K, committed 23552K, reserved 1069056K
  class space    used 3100K, capacity 3295K, committed 3328K, reserved 1048576K
Event: 3.769 GC heap after
Heap after GC invocations=7 (full 2):
 PSYoungGen      total 58880K, used 5120K [0x00000000d5980000, 0x00000000e2a00000, 0x0000000100000000)
  eden space 53760K, 0% used [0x00000000d5980000,0x00000000d5980000,0x00000000d8e00000)
  from space 5120K, 100% used [0x00000000d8e00000,0x00000000d9300000,0x00000000d9300000)
  to   space 65536K, 0% used [0x00000000dea00000,0x00000000dea00000,0x00000000e2a00000)
 ParOldGen       total 173568K, used 107251K [0x0000000080c00000, 0x000000008b580000, 0x00000000d5980000)
  object space 173568K, 61% used [0x0000000080c00000,0x00000000874bcfb8,0x000000008b580000)
 Metaspace       used 22494K, capacity 23332K, committed 23552K, reserved 1069056K
  class space    used 3100K, capacity 3295K, committed 3328K, reserved 1048576K
}
Event: 3.894 GC heap before
{Heap before GC invocations=8 (full 2):
 PSYoungGen      total 58880K, used 58880K [0x00000000d5980000, 0x00000000e2a00000, 0x0000000100000000)
  eden space 53760K, 100% used [0x00000000d5980000,0x00000000d8e00000,0x00000000d8e00000)
  from space 5120K, 100% used [0x00000000d8e00000,0x00000000d9300000,0x00000000d9300000)
  to   space 65536K, 0% used [0x00000000dea00000,0x00000000dea00000,0x00000000e2a00000)
 ParOldGen       total 173568K, used 107251K [0x0000000080c00000, 0x000000008b580000, 0x00000000d5980000)
  object space 173568K, 61% used [0x0000000080c00000,0x00000000874bcfb8,0x000000008b580000)
 Metaspace       used 22494K, capacity 23332K, committed 23552K, reserved 1069056K
  class space    used 3100K, capacity 3295K, committed 3328K, reserved 1048576K
Event: 3.920 GC heap after
Heap after GC invocations=8 (full 2):
 PSYoungGen      total 135680K, used 59840K [0x00000000d5980000, 0x00000000e4580000, 0x0000000100000000)
  eden space 70144K, 0% used [0x00000000d5980000,0x00000000d5980000,0x00000000d9e00000)
  from space 65536K, 91% used [0x00000000dea00000,0x00000000e2470000,0x00000000e2a00000)
  to   space 77824K, 0% used [0x00000000d9e00000,0x00000000d9e00000,0x00000000dea00000)
 ParOldGen       total 173568K, used 107251K [0x0000000080c00000, 0x000000008b580000, 0x00000000d5980000)
  object space 173568K, 61% used [0x0000000080c00000,0x00000000874bcfb8,0x000000008b580000)
 Metaspace       used 22494K, capacity 23332K, committed 23552K, reserved 1069056K
  class space    used 3100K, capacity 3295K, committed 3328K, reserved 1048576K
}
Event: 4.081 GC heap before
{Heap before GC invocations=9 (full 2):
 PSYoungGen      total 135680K, used 129984K [0x00000000d5980000, 0x00000000e4580000, 0x0000000100000000)
  eden space 70144K, 100% used [0x00000000d5980000,0x00000000d9e00000,0x00000000d9e00000)
  from space 65536K, 91% used [0x00000000dea00000,0x00000000e2470000,0x00000000e2a00000)
  to   space 77824K, 0% used [0x00000000d9e00000,0x00000000d9e00000,0x00000000dea00000)
 ParOldGen       total 173568K, used 107251K [0x0000000080c00000, 0x000000008b580000, 0x00000000d5980000)
  object space 173568K, 61% used [0x0000000080c00000,0x00000000874bcfb8,0x000000008b580000)
 Metaspace       used 22494K, capacity 23332K, committed 23552K, reserved 1069056K
  class space    used 3100K, capacity 3295K, committed 3328K, reserved 1048576K
Event: 4.139 GC heap after
Heap after GC invocations=9 (full 2):
 PSYoungGen      total 147968K, used 77824K [0x00000000d5980000, 0x00000000ebf00000, 0x0000000100000000)
  eden space 70144K, 0% used [0x00000000d5980000,0x00000000d5980000,0x00000000d9e00000)
  from space 77824K, 100% used [0x00000000d9e00000,0x00000000dea00000,0x00000000dea00000)
  to   space 123904K, 0% used [0x00000000e4600000,0x00000000e4600000,0x00000000ebf00000)
 ParOldGen       total 173568K, used 166155K [0x0000000080c00000, 0x000000008b580000, 0x00000000d5980000)
  object space 173568K, 95% used [0x0000000080c00000,0x000000008ae42fb8,0x000000008b580000)
 Metaspace       used 22494K, capacity 23332K, committed 23552K, reserved 1069056K
  class space    used 3100K, capacity 3295K, committed 3328K, reserved 1048576K
}
Event: 4.139 GC heap before
{Heap before GC invocations=10 (full 3):
 PSYoungGen      total 147968K, used 77824K [0x00000000d5980000, 0x00000000ebf00000, 0x0000000100000000)
  eden space 70144K, 0% used [0x00000000d5980000,0x00000000d5980000,0x00000000d9e00000)
  from space 77824K, 100% used [0x00000000d9e00000,0x00000000dea00000,0x00000000dea00000)
  to   space 123904K, 0% used [0x00000000e4600000,0x00000000e4600000,0x00000000ebf00000)
 ParOldGen       total 173568K, used 166155K [0x0000000080c00000, 0x000000008b580000, 0x00000000d5980000)
  object space 173568K, 95% used [0x0000000080c00000,0x000000008ae42fb8,0x000000008b580000)
 Metaspace       used 22494K, capacity 23332K, committed 23552K, reserved 1069056K
  class space    used 3100K, capacity 3295K, committed 3328K, reserved 1048576K
Event: 4.239 GC heap after
Heap after GC invocations=10 (full 3):
 PSYoungGen      total 147968K, used 56923K [0x00000000d5980000, 0x00000000ebf00000, 0x0000000100000000)
  eden space 70144K, 0% used [0x00000000d5980000,0x00000000d5980000,0x00000000d9e00000)
  from space 77824K, 73% used [0x00000000d9e00000,0x00000000dd596f00,0x00000000dea00000)
  to   space 123904K, 0% used [0x00000000e4600000,0x00000000e4600000,0x00000000ebf00000)
 ParOldGen       total 351232K, used 173106K [0x0000000080c00000, 0x0000000096300000, 0x00000000d5980000)
  object space 351232K, 49% used [0x0000000080c00000,0x000000008b50c898,0x0000000096300000)
 Metaspace       used 22494K, capacity 23332K, committed 23552K, reserved 1069056K
  class space    used 3100K, capacity 3295K, committed 3328K, reserved 1048576K
}
Event: 5.443 GC heap before
{Heap before GC invocations=11 (full 3):
 PSYoungGen      total 147968K, used 127067K [0x00000000d5980000, 0x00000000ebf00000, 0x0000000100000000)
  eden space 70144K, 100% used [0x00000000d5980000,0x00000000d9e00000,0x00000000d9e00000)
  from space 77824K, 73% used [0x00000000d9e00000,0x00000000dd596f00,0x00000000dea00000)
  to   space 123904K, 0% used [0x00000000e4600000,0x00000000e4600000,0x00000000ebf00000)
 ParOldGen       total 351232K, used 173106K [0x0000000080c00000, 0x0000000096300000, 0x00000000d5980000)
  object space 351232K, 49% used [0x0000000080c00000,0x000000008b50c898,0x0000000096300000)
 Metaspace       used 25465K, capacity 26280K, committed 26624K, reserved 1073152K
  class space    used 3553K, capacity 3723K, committed 3840K, reserved 1048576K
Event: 5.497 GC heap after
Heap after GC invocations=11 (full 3):
 PSYoungGen      total 223232K, used 110953K [0x00000000d5980000, 0x00000000eda80000, 0x0000000100000000)
  eden space 99328K, 0% used [0x00000000d5980000,0x00000000d5980000,0x00000000dba80000)
  from space 123904K, 89% used [0x00000000e4600000,0x00000000eb25a788,0x00000000ebf00000)
  to   space 142848K, 0% used [0x00000000dba80000,0x00000000dba80000,0x00000000e4600000)
 ParOldGen       total 351232K, used 173114K [0x0000000080c00000, 0x0000000096300000, 0x00000000d5980000)
  object space 351232K, 49% used [0x0000000080c00000,0x000000008b50e898,0x0000000096300000)
 Metaspace       used 25465K, capacity 26280K, committed 26624K, reserved 1073152K
  class space    used 3553K, capacity 3723K, committed 3840K, reserved 1048576K
}

Deoptimization events (10 events):
Event: 5.263 Thread 0x0000000019af8800 Uncommon trap: reason=class_check action=maybe_recompile pc=0x000000000333f364 method=java.util.regex.Pattern$Curly.match(Ljava/util/regex/Matcher;ILjava/lang/CharSequence;)Z @ 19
Event: 5.263 Thread 0x0000000019af8800 Uncommon trap: reason=class_check action=maybe_recompile pc=0x000000000333f364 method=java.util.regex.Pattern$Curly.match(Ljava/util/regex/Matcher;ILjava/lang/CharSequence;)Z @ 19
Event: 5.263 Thread 0x0000000019af8800 Uncommon trap: reason=class_check action=maybe_recompile pc=0x000000000333f364 method=java.util.regex.Pattern$Curly.match(Ljava/util/regex/Matcher;ILjava/lang/CharSequence;)Z @ 19
Event: 5.421 Thread 0x0000000019af8800 Uncommon trap: reason=unstable_if action=reinterpret pc=0x0000000003493d48 method=java.util.Arrays.equals([B[B)Z @ 2
Event: 5.424 Thread 0x0000000019af8800 Uncommon trap: reason=unstable_if action=reinterpret pc=0x00000000034789cc method=java.lang.StringCoding$StringDecoder.decode([BII)[C @ 20
Event: 5.534 Thread 0x0000000019af8800 Uncommon trap: reason=unstable_if action=reinterpret pc=0x0000000003244e48 method=javafx.scene.CssStyleHelper.getStyle(Ljavafx/css/Styleable;Ljava/lang/String;Lcom/sun/javafx/css/StyleMap;Ljava/util/Set;)Lcom/sun/javafx/css/CascadingStyle; @ 8
Event: 6.602 Thread 0x0000000019af8800 Uncommon trap: reason=class_check action=maybe_recompile pc=0x0000000003147270 method=java.io.FilterInputStream.read()I @ 4
Event: 6.602 Thread 0x0000000019af8800 Uncommon trap: reason=class_check action=maybe_recompile pc=0x0000000003147270 method=java.io.FilterInputStream.read()I @ 4
Event: 6.602 Thread 0x0000000019af8800 Uncommon trap: reason=class_check action=maybe_recompile pc=0x0000000003147270 method=java.io.FilterInputStream.read()I @ 4
Event: 6.602 Thread 0x0000000019af8800 Uncommon trap: reason=class_check action=maybe_recompile pc=0x0000000003147270 method=java.io.FilterInputStream.read()I @ 4

Classes redefined (0 events):
No events

Internal exceptions (10 events):
Event: 5.298 Thread 0x0000000019af8800 Exception <a 'java/lang/ClassNotFoundException': org/apache/log4j/RollingFileAppenderBeanInfo> (0x00000000d9702fc8) thrown at [C:\re\workspace\8-2-build-windows-amd64-cygwin\jdk8u171\10807\hotspot\src\share\vm\classfile\systemDictionary.cpp, line 210]
Event: 5.299 Thread 0x0000000019af8800 Exception <a 'java/lang/ClassNotFoundException': org/apache/log4j/FileAppenderBeanInfo> (0x00000000d970cea8) thrown at [C:\re\workspace\8-2-build-windows-amd64-cygwin\jdk8u171\10807\hotspot\src\share\vm\classfile\systemDictionary.cpp, line 210]
Event: 5.299 Thread 0x0000000019af8800 Exception <a 'java/lang/ClassNotFoundException': org/apache/log4j/WriterAppenderBeanInfo> (0x00000000d9717818) thrown at [C:\re\workspace\8-2-build-windows-amd64-cygwin\jdk8u171\10807\hotspot\src\share\vm\classfile\systemDictionary.cpp, line 210]
Event: 5.299 Thread 0x0000000019af8800 Exception <a 'java/lang/ClassNotFoundException': org/apache/log4j/AppenderSkeletonBeanInfo> (0x00000000d97224b8) thrown at [C:\re\workspace\8-2-build-windows-amd64-cygwin\jdk8u171\10807\hotspot\src\share\vm\classfile\systemDictionary.cpp, line 210]
Event: 5.299 Thread 0x0000000019af8800 Exception <a 'java/lang/ClassNotFoundException': org/apache/log4j/AppenderSkeletonCustomizer> (0x00000000d972da98) thrown at [C:\re\workspace\8-2-build-windows-amd64-cygwin\jdk8u171\10807\hotspot\src\share\vm\classfile\systemDictionary.cpp, line 210]
Event: 5.301 Thread 0x0000000019af8800 Exception <a 'java/lang/ClassNotFoundException': org/apache/log4j/WriterAppenderCustomizer> (0x00000000d974c310) thrown at [C:\re\workspace\8-2-build-windows-amd64-cygwin\jdk8u171\10807\hotspot\src\share\vm\classfile\systemDictionary.cpp, line 210]
Event: 5.302 Thread 0x0000000019af8800 Exception <a 'java/lang/ClassNotFoundException': org/apache/log4j/FileAppenderCustomizer> (0x00000000d9762b70) thrown at [C:\re\workspace\8-2-build-windows-amd64-cygwin\jdk8u171\10807\hotspot\src\share\vm\classfile\systemDictionary.cpp, line 210]
Event: 5.303 Thread 0x0000000019af8800 Exception <a 'java/lang/ClassNotFoundException': org/apache/log4j/RollingFileAppenderCustomizer> (0x00000000d977a558) thrown at [C:\re\workspace\8-2-build-windows-amd64-cygwin\jdk8u171\10807\hotspot\src\share\vm\classfile\systemDictionary.cpp, line 210]
Event: 5.307 Thread 0x0000000019af8800 Exception <a 'java/lang/ClassNotFoundException': org/apache/log4j/ConsoleAppenderBeanInfo> (0x00000000d97adfb0) thrown at [C:\re\workspace\8-2-build-windows-amd64-cygwin\jdk8u171\10807\hotspot\src\share\vm\classfile\systemDictionary.cpp, line 210]
Event: 5.307 Thread 0x0000000019af8800 Exception <a 'java/lang/ClassNotFoundException': org/apache/log4j/ConsoleAppenderCustomizer> (0x00000000d97b8410) thrown at [C:\re\workspace\8-2-build-windows-amd64-cygwin\jdk8u171\10807\hotspot\src\share\vm\classfile\systemDictionary.cpp, line 210]

Events (10 events):
Event: 6.683 loading class com/sun/prism/impl/ps/CachingShapeRepState$CSRDisposerRecord
Event: 6.683 loading class com/sun/prism/impl/ps/CachingShapeRepState$CSRDisposerRecord done
Event: 8.248 loading class com/sun/javafx/tk/quantum/GlassViewEventHandler
Event: 8.248 loading class com/sun/javafx/tk/quantum/GlassViewEventHandler done
Event: 8.249 loading class com/sun/javafx/scene/input/KeyCodeMap
Event: 8.249 loading class com/sun/javafx/scene/input/KeyCodeMap done
Event: 8.255 loading class com/sun/prism/shape/ShapeRep$InvalidationType
Event: 8.255 loading class com/sun/prism/shape/ShapeRep$InvalidationType done
Event: 9.046 loading class javafx/scene/input/KeyCombination$2
Event: 9.046 loading class javafx/scene/input/KeyCombination$2 done


Dynamic libraries:
0x00007ff7b0b10000 - 0x00007ff7b0b47000 	C:\Program Files\Java\jre1.8.0_171\bin\javaw.exe
0x00007ffd45670000 - 0x00007ffd45851000 	C:\WINDOWS\SYSTEM32\ntdll.dll
0x00007ffd44c50000 - 0x00007ffd44d02000 	C:\WINDOWS\System32\KERNEL32.DLL
0x00007ffd42580000 - 0x00007ffd427f3000 	C:\WINDOWS\System32\KERNELBASE.dll
0x00007ffd45090000 - 0x00007ffd45131000 	C:\WINDOWS\System32\ADVAPI32.dll
0x00007ffd42b60000 - 0x00007ffd42bfe000 	C:\WINDOWS\System32\msvcrt.dll
0x00007ffd42b00000 - 0x00007ffd42b5b000 	C:\WINDOWS\System32\sechost.dll
0x00007ffd44830000 - 0x00007ffd44954000 	C:\WINDOWS\System32\RPCRT4.dll
0x00007ffd44990000 - 0x00007ffd44b20000 	C:\WINDOWS\System32\USER32.dll
0x00007ffd424e0000 - 0x00007ffd42500000 	C:\WINDOWS\System32\win32u.dll
0x00007ffd45060000 - 0x00007ffd45088000 	C:\WINDOWS\System32\GDI32.dll
0x00007ffd42900000 - 0x00007ffd42a92000 	C:\WINDOWS\System32\gdi32full.dll
0x00007ffd41b40000 - 0x00007ffd41bdf000 	C:\WINDOWS\System32\msvcp_win.dll
0x00007ffd42800000 - 0x00007ffd428fa000 	C:\WINDOWS\System32\ucrtbase.dll
0x00007ffd347d0000 - 0x00007ffd34a39000 	C:\WINDOWS\WinSxS\amd64_microsoft.windows.common-controls_6595b64144ccf1df_6.0.17134.165_none_fb429645306569ac\COMCTL32.dll
0x00007ffd44330000 - 0x00007ffd44653000 	C:\WINDOWS\System32\combase.dll
0x00007ffd42500000 - 0x00007ffd4257a000 	C:\WINDOWS\System32\bcryptPrimitives.dll
0x00007ffd44960000 - 0x00007ffd4498d000 	C:\WINDOWS\System32\IMM32.DLL
0x0000000062f20000 - 0x0000000062ff2000 	C:\Program Files\Java\jre1.8.0_171\bin\msvcr100.dll
0x00000000631d0000 - 0x0000000063a70000 	C:\Program Files\Java\jre1.8.0_171\bin\server\jvm.dll
0x00007ffd45150000 - 0x00007ffd45158000 	C:\WINDOWS\System32\PSAPI.DLL
0x00007ffd38550000 - 0x00007ffd3855a000 	C:\WINDOWS\SYSTEM32\VERSION.dll
0x00007ffd3dfd0000 - 0x00007ffd3dfd9000 	C:\WINDOWS\SYSTEM32\WSOCK32.dll
0x00007ffd447c0000 - 0x00007ffd4482c000 	C:\WINDOWS\System32\WS2_32.dll
0x00007ffd34530000 - 0x00007ffd34553000 	C:\WINDOWS\SYSTEM32\WINMM.dll
0x00007ffd34440000 - 0x00007ffd3446a000 	C:\WINDOWS\SYSTEM32\WINMMBASE.dll
0x00007ffd41a40000 - 0x00007ffd41a89000 	C:\WINDOWS\System32\cfgmgr32.dll
0x00000000630e0000 - 0x00000000630ef000 	C:\Program Files\Java\jre1.8.0_171\bin\verify.dll
0x00000000630b0000 - 0x00000000630d9000 	C:\Program Files\Java\jre1.8.0_171\bin\java.dll
0x0000000063090000 - 0x00000000630a6000 	C:\Program Files\Java\jre1.8.0_171\bin\zip.dll
0x00007ffd42d70000 - 0x00007ffd441b0000 	C:\WINDOWS\System32\SHELL32.dll
0x00007ffd44b80000 - 0x00007ffd44c29000 	C:\WINDOWS\System32\shcore.dll
0x00007ffd41be0000 - 0x00007ffd422ed000 	C:\WINDOWS\System32\windows.storage.dll
0x00007ffd44e00000 - 0x00007ffd44e51000 	C:\WINDOWS\System32\shlwapi.dll
0x00007ffd41a20000 - 0x00007ffd41a31000 	C:\WINDOWS\System32\kernel.appcore.dll
0x00007ffd419d0000 - 0x00007ffd419ef000 	C:\WINDOWS\System32\profapi.dll
0x00007ffd41980000 - 0x00007ffd419cc000 	C:\WINDOWS\System32\powrprof.dll
0x00007ffd41a10000 - 0x00007ffd41a1a000 	C:\WINDOWS\System32\FLTLIB.DLL
0x0000000002c30000 - 0x0000000002c33000 	C:\Program Files\Java\jre1.8.0_171\bin\api-ms-win-core-console-l1-1-0.dll
0x0000000002c50000 - 0x0000000002c53000 	C:\Program Files\Java\jre1.8.0_171\bin\api-ms-win-core-datetime-l1-1-0.dll
0x0000000002c60000 - 0x0000000002c63000 	C:\Program Files\Java\jre1.8.0_171\bin\api-ms-win-core-debug-l1-1-0.dll
0x0000000019870000 - 0x0000000019873000 	C:\Program Files\Java\jre1.8.0_171\bin\api-ms-win-core-errorhandling-l1-1-0.dll
0x0000000019880000 - 0x0000000019884000 	C:\Program Files\Java\jre1.8.0_171\bin\api-ms-win-core-file-l1-1-0.dll
0x0000000019890000 - 0x0000000019893000 	C:\Program Files\Java\jre1.8.0_171\bin\api-ms-win-core-file-l1-2-0.dll
0x00000000198a0000 - 0x00000000198a3000 	C:\Program Files\Java\jre1.8.0_171\bin\api-ms-win-core-file-l2-1-0.dll
0x00000000198b0000 - 0x00000000198b3000 	C:\Program Files\Java\jre1.8.0_171\bin\api-ms-win-core-handle-l1-1-0.dll
0x00000000198c0000 - 0x00000000198c3000 	C:\Program Files\Java\jre1.8.0_171\bin\api-ms-win-core-heap-l1-1-0.dll
0x00000000198d0000 - 0x00000000198d3000 	C:\Program Files\Java\jre1.8.0_171\bin\api-ms-win-core-interlocked-l1-1-0.dll
0x00000000198e0000 - 0x00000000198e3000 	C:\Program Files\Java\jre1.8.0_171\bin\api-ms-win-core-libraryloader-l1-1-0.dll
0x00000000198f0000 - 0x00000000198f3000 	C:\Program Files\Java\jre1.8.0_171\bin\api-ms-win-core-localization-l1-2-0.dll
0x0000000019900000 - 0x0000000019903000 	C:\Program Files\Java\jre1.8.0_171\bin\api-ms-win-core-memory-l1-1-0.dll
0x0000000019910000 - 0x0000000019913000 	C:\Program Files\Java\jre1.8.0_171\bin\api-ms-win-core-namedpipe-l1-1-0.dll
0x0000000019920000 - 0x0000000019923000 	C:\Program Files\Java\jre1.8.0_171\bin\api-ms-win-core-processenvironment-l1-1-0.dll
0x0000000019930000 - 0x0000000019933000 	C:\Program Files\Java\jre1.8.0_171\bin\api-ms-win-core-processthreads-l1-1-0.dll
0x0000000019940000 - 0x0000000019943000 	C:\Program Files\Java\jre1.8.0_171\bin\api-ms-win-core-processthreads-l1-1-1.dll
0x0000000019950000 - 0x0000000019953000 	C:\Program Files\Java\jre1.8.0_171\bin\api-ms-win-core-profile-l1-1-0.dll
0x0000000019960000 - 0x0000000019963000 	C:\Program Files\Java\jre1.8.0_171\bin\api-ms-win-core-rtlsupport-l1-1-0.dll
0x0000000019970000 - 0x0000000019973000 	C:\Program Files\Java\jre1.8.0_171\bin\api-ms-win-core-string-l1-1-0.dll
0x0000000019980000 - 0x0000000019983000 	C:\Program Files\Java\jre1.8.0_171\bin\api-ms-win-core-synch-l1-1-0.dll
0x0000000019990000 - 0x0000000019993000 	C:\Program Files\Java\jre1.8.0_171\bin\api-ms-win-core-synch-l1-2-0.dll
0x00000000199a0000 - 0x00000000199a3000 	C:\Program Files\Java\jre1.8.0_171\bin\api-ms-win-core-sysinfo-l1-1-0.dll
0x00000000199b0000 - 0x00000000199b3000 	C:\Program Files\Java\jre1.8.0_171\bin\api-ms-win-core-timezone-l1-1-0.dll
0x00000000199c0000 - 0x00000000199c3000 	C:\Program Files\Java\jre1.8.0_171\bin\api-ms-win-core-util-l1-1-0.dll
0x00000000199d0000 - 0x00000000199d3000 	C:\Program Files\Java\jre1.8.0_171\bin\api-ms-win-crt-conio-l1-1-0.dll
0x00000000199e0000 - 0x00000000199e4000 	C:\Program Files\Java\jre1.8.0_171\bin\api-ms-win-crt-convert-l1-1-0.dll
0x00000000199f0000 - 0x00000000199f3000 	C:\Program Files\Java\jre1.8.0_171\bin\api-ms-win-crt-environment-l1-1-0.dll
0x0000000019a00000 - 0x0000000019a03000 	C:\Program Files\Java\jre1.8.0_171\bin\api-ms-win-crt-filesystem-l1-1-0.dll
0x0000000019a10000 - 0x0000000019a13000 	C:\Program Files\Java\jre1.8.0_171\bin\api-ms-win-crt-heap-l1-1-0.dll
0x0000000019a20000 - 0x0000000019a23000 	C:\Program Files\Java\jre1.8.0_171\bin\api-ms-win-crt-locale-l1-1-0.dll
0x0000000019a30000 - 0x0000000019a35000 	C:\Program Files\Java\jre1.8.0_171\bin\api-ms-win-crt-math-l1-1-0.dll
0x0000000019a40000 - 0x0000000019a45000 	C:\Program Files\Java\jre1.8.0_171\bin\api-ms-win-crt-multibyte-l1-1-0.dll
0x0000000019a50000 - 0x0000000019a60000 	C:\Program Files\Java\jre1.8.0_171\bin\api-ms-win-crt-private-l1-1-0.dll
0x0000000019a60000 - 0x0000000019a63000 	C:\Program Files\Java\jre1.8.0_171\bin\api-ms-win-crt-process-l1-1-0.dll
0x0000000019a70000 - 0x0000000019a74000 	C:\Program Files\Java\jre1.8.0_171\bin\api-ms-win-crt-runtime-l1-1-0.dll
0x0000000019a80000 - 0x0000000019a84000 	C:\Program Files\Java\jre1.8.0_171\bin\api-ms-win-crt-stdio-l1-1-0.dll
0x0000000019a90000 - 0x0000000019a94000 	C:\Program Files\Java\jre1.8.0_171\bin\api-ms-win-crt-string-l1-1-0.dll
0x0000000019aa0000 - 0x0000000019aa3000 	C:\Program Files\Java\jre1.8.0_171\bin\api-ms-win-crt-time-l1-1-0.dll
0x0000000019ab0000 - 0x0000000019ab3000 	C:\Program Files\Java\jre1.8.0_171\bin\api-ms-win-crt-utility-l1-1-0.dll
0x00007ffd21da0000 - 0x00007ffd21e96000 	C:\Program Files\Java\jre1.8.0_171\bin\ucrtbase.dll
0x00007ffd3a290000 - 0x00007ffd3a2e1000 	C:\Program Files\Java\jre1.8.0_171\bin\concrt140.dll
0x00007ffd3b520000 - 0x00007ffd3b536000 	C:\Program Files\Java\jre1.8.0_171\bin\VCRUNTIME140.dll
0x00007ffd2e9f0000 - 0x00007ffd2ea8c000 	C:\Program Files\Java\jre1.8.0_171\bin\MSVCP140.dll
0x0000000062ef0000 - 0x0000000062f13000 	C:\Program Files\Java\jre1.8.0_171\bin\prism_d3d.dll
0x00007ffd39ee0000 - 0x00007ffd3a077000 	C:\WINDOWS\system32\d3d9.dll
0x00007ffd40350000 - 0x00007ffd40379000 	C:\WINDOWS\SYSTEM32\dwmapi.dll
0x00007ffd40040000 - 0x00007ffd400d8000 	C:\WINDOWS\system32\uxtheme.dll
0x00007ffd3bfa0000 - 0x00007ffd3c08b000 	C:\WINDOWS\System32\DriverStore\FileRepository\nv_dispi.inf_amd64_7a39871618b19f06\nvldumdx.dll
0x00007ffd422f0000 - 0x00007ffd424d2000 	C:\WINDOWS\System32\crypt32.dll
0x00007ffd419f0000 - 0x00007ffd41a02000 	C:\WINDOWS\System32\MSASN1.dll
0x00007ffd42aa0000 - 0x00007ffd42af7000 	C:\WINDOWS\System32\WINTRUST.DLL
0x00007ffd44c30000 - 0x00007ffd44c4d000 	C:\WINDOWS\System32\imagehlp.dll
0x00007ffd413c0000 - 0x00007ffd413d7000 	C:\WINDOWS\SYSTEM32\CRYPTSP.dll
0x00007ffd40de0000 - 0x00007ffd40e13000 	C:\WINDOWS\system32\rsaenh.dll
0x00007ffd414e0000 - 0x00007ffd41505000 	C:\WINDOWS\SYSTEM32\bcrypt.dll
0x00007ffd413b0000 - 0x00007ffd413bb000 	C:\WINDOWS\SYSTEM32\CRYPTBASE.dll
0x00007ffcf7ce0000 - 0x00007ffcf8eed000 	C:\WINDOWS\System32\DriverStore\FileRepository\nv_dispi.inf_amd64_7a39871618b19f06\nvd3dumx.dll
0x0000000062ea0000 - 0x0000000062ee9000 	C:\Program Files\Java\jre1.8.0_171\bin\glass.dll
0x00007ffd44d10000 - 0x00007ffd44dfd000 	C:\WINDOWS\System32\COMDLG32.dll
0x00007ffd44660000 - 0x00007ffd447b1000 	C:\WINDOWS\System32\ole32.dll
0x00007ffd42ca0000 - 0x00007ffd42d62000 	C:\WINDOWS\System32\OLEAUT32.dll
0x00007ffd441b0000 - 0x00007ffd44325000 	C:\WINDOWS\System32\MSCTF.dll
0x00007ffd26190000 - 0x00007ffd263e9000 	C:\WINDOWS\system32\nvspcap64.dll
0x00007ffd40a70000 - 0x00007ffd40aa1000 	C:\WINDOWS\SYSTEM32\ntmarta.dll
0x0000000062e80000 - 0x0000000062e94000 	C:\Program Files\Java\jre1.8.0_171\bin\javafx_font.dll
0x00007ffd2fa40000 - 0x00007ffd2fd5c000 	C:\WINDOWS\SYSTEM32\dwrite.dll
0x00007ffd42c00000 - 0x00007ffd42ca0000 	C:\WINDOWS\System32\clbcatq.dll
0x00007ffd3fd10000 - 0x00007ffd3febe000 	C:\WINDOWS\SYSTEM32\WindowsCodecs.dll
0x00007ffd2f050000 - 0x00007ffd2f0a8000 	C:\WINDOWS\system32\dataexchange.dll
0x00007ffd3f430000 - 0x00007ffd3f5cc000 	C:\WINDOWS\system32\dcomp.dll
0x00007ffd3eb00000 - 0x00007ffd3ee0b000 	C:\WINDOWS\system32\d3d11.dll
0x00007ffd40740000 - 0x00007ffd407fb000 	C:\WINDOWS\system32\dxgi.dll
0x00007ffd40110000 - 0x00007ffd402c8000 	C:\WINDOWS\system32\twinapi.appcore.dll
0x00007ffd402d0000 - 0x00007ffd402f1000 	C:\WINDOWS\system32\RMCLIENT.dll
0x00007ffd30d10000 - 0x00007ffd30d44000 	C:\Program Files\Common Files\Microsoft Shared\Ink\rtscom.dll
0x00007ffd30ee0000 - 0x00007ffd30f78000 	C:\WINDOWS\System32\TextInputFramework.dll
0x00007ffd3f5d0000 - 0x00007ffd3f6aa000 	C:\WINDOWS\System32\CoreMessaging.dll
0x00007ffd30710000 - 0x00007ffd30a2e000 	C:\WINDOWS\System32\CoreUIComponents.dll
0x00007ffd3bc10000 - 0x00007ffd3bd5d000 	C:\WINDOWS\SYSTEM32\wintypes.dll
0x00007ffd3ee10000 - 0x00007ffd3f3d7000 	C:\WINDOWS\SYSTEM32\d2d1.dll
0x00007ffd1e160000 - 0x00007ffd1e8de000 	C:\WINDOWS\SYSTEM32\D3D10Warp.dll
0x0000000062e60000 - 0x0000000062e72000 	C:\Program Files\Java\jre1.8.0_171\bin\prism_common.dll
0x0000000063020000 - 0x0000000063044000 	C:\Program Files\Java\jre1.8.0_171\bin\sunec.dll
0x0000000063070000 - 0x000000006308a000 	C:\Program Files\Java\jre1.8.0_171\bin\net.dll
0x00007ffd41200000 - 0x00007ffd41266000 	C:\WINDOWS\system32\mswsock.dll
0x00007ffd40f80000 - 0x00007ffd40fb8000 	C:\WINDOWS\SYSTEM32\IPHLPAPI.DLL
0x00007ffd45140000 - 0x00007ffd45148000 	C:\WINDOWS\System32\NSI.dll
0x00007ffd3d0e0000 - 0x00007ffd3d0f6000 	C:\WINDOWS\SYSTEM32\dhcpcsvc6.DLL
0x00007ffd3d0c0000 - 0x00007ffd3d0da000 	C:\WINDOWS\SYSTEM32\dhcpcsvc.DLL

VM Arguments:
jvm_args: -Dfile.encoding=Cp1252 
java_command: appV2.BlockTacToeAppV2
java_class_path (initial): C:\Program Files\Java\jre1.8.0_171\lib\resources.jar;C:\Program Files\Java\jre1.8.0_171\lib\rt.jar;C:\Program Files\Java\jre1.8.0_171\lib\jsse.jar;C:\Program Files\Java\jre1.8.0_171\lib\jce.jar;C:\Program Files\Java\jre1.8.0_171\lib\charsets.jar;C:\Program Files\Java\jre1.8.0_171\lib\jfr.jar;C:\Program Files\Java\jre1.8.0_171\lib\ext\access-bridge-64.jar;C:\Program Files\Java\jre1.8.0_171\lib\ext\cldrdata.jar;C:\Program Files\Java\jre1.8.0_171\lib\ext\dnsns.jar;C:\Program Files\Java\jre1.8.0_171\lib\ext\jaccess.jar;C:\Program Files\Java\jre1.8.0_171\lib\ext\jfxrt.jar;C:\Program Files\Java\jre1.8.0_171\lib\ext\localedata.jar;C:\Program Files\Java\jre1.8.0_171\lib\ext\nashorn.jar;C:\Program Files\Java\jre1.8.0_171\lib\ext\sunec.jar;C:\Program Files\Java\jre1.8.0_171\lib\ext\sunjce_provider.jar;C:\Program Files\Java\jre1.8.0_171\lib\ext\sunmscapi.jar;C:\Program Files\Java\jre1.8.0_171\lib\ext\sunpkcs11.jar;C:\Program Files\Java\jre1.8.0_171\lib\ext\zipfs.jar;C:\Users\adria\git\blocktactoe\bin;C:\Users\adria\.gradle\caches\modules-2\files-2.1\org.slf4j\slf4j-log4j12\1.7.25\110cefe2df103412849d72ef7a67e4e91e4266b4\slf4j-log4j12-1.7.25.jar;C:\Users\adria\.gradle\caches\modules-2\files-2.1\org.web3j\codegen\3.4.0\8c7a71f8392d62ce3ead80ed5983fa6cd0590432\codegen-3.4.0.jar;C:\Users\adria\.gradle\caches\modules-2\files-2.1\org.web3j\core\3.4.0\75f03920c4080376e0495007b50fe0c429c0f867\core-3.4.0.jar;C:\Users\adria\.gradle\caches\modules-2\files-2.1\org.web3j\crypto\3.4.0\4eaf4560b2baa1b368a3868d2709fb6c2bc199cc\crypto-3.4.0.jar;C:\Users\adria\.gradle\caches\modules-2\files-2.1\org.slf4j\slf4j-api\1.7.25\da76ca59f6a57ee3102f8f9bd9cee742973efa8a\slf4j-api-1.7.25.jar;C:\Users\adria\.gradle\caches\modules-2\files-2.1\log4j\log4j\1.2.17\5af35056b4d257e4b64b9e8069c0746e8b08629f\log4j-1.2.17.jar;C:\Users\adria\.gradle\caches\modules-2\files-2.1\org.web3j\abi\3.4.0\652e64f382fbfc2313246d1642095d5dcf892851\abi-3.4.0.jar;C:\Users\adria\.gradle\caches\modules
Launcher Type: SUN_STANDARD

Environment Variables:
PATH=C:/Program Files/Java/jre1.8.0_171/bin/server;C:/Program Files/Java/jre1.8.0_171/bin;C:/Program Files/Java/jre1.8.0_171/lib/amd64;C:\Program Files (x86)\Common Files\Oracle\Java\javapath;C:\Program Files (x86)\NVIDIA Corporation\PhysX\Common;C:\ProgramData\Oracle\Java\javapath;C:\Windows\system32;C:\Windows;C:\Windows\System32\Wbem;C:\Windows\System32\WindowsPowerShell\v1.0\;C:\WINDOWS\system32;C:\WINDOWS;C:\WINDOWS\System32\Wbem;C:\WINDOWS\System32\WindowsPowerShell\v1.0\;C:\WINDOWS\system32;C:\WINDOWS;C:\WINDOWS\System32\Wbem;C:\WINDOWS\System32\WindowsPowerShell\v1.0\;C:\WINDOWS\System32\OpenSSH\;C:\Program Files\Java\jdk1.8.0_131\bin;%USERPROFILE%\AppData\Local\Microsoft\WindowsApps;;C:\Users\adria\Desktop;
USERNAME=adria
OS=Windows_NT
PROCESSOR_IDENTIFIER=Intel64 Family 6 Model 42 Stepping 7, GenuineIntel



---------------  S Y S T E M  ---------------

OS: Windows 10.0 , 64 bit Build 17134 (10.0.17134.1)

CPU:total 4 (initial active 4) (4 cores per cpu, 1 threads per core) family 6 model 42 stepping 7, cmov, cx8, fxsr, mmx, sse, sse2, sse3, ssse3, sse4.1, sse4.2, popcnt, avx, aes, clmul, tsc, tscinvbit

Memory: 4k page, physical 8333240k(2839844k free), swap 17246136k(8572604k free)

vm_info: Java HotSpot(TM) 64-Bit Server VM (25.171-b11) for windows-amd64 JRE (1.8.0_171-b11), built on Mar 28 2018 16:06:12 by "java_re" with MS VC++ 10.0 (VS2010)

time: Sun Jul 22 19:48:59 2018
elapsed time: 9 seconds (0d 0h 0m 9s)

